# JRE version: OpenJDK Runtime Environment (8.0_242-b01) (build 1.8.0_242-release-1644-b01)
# Java VM: OpenJDK 64-Bit Server VM (25.242-b01 mixed mode windows-amd64 compressed oops)
Heap:
 PSYoungGen      total 330240K, used 235357K [0x00000000d5580000, 0x00000000eb680000, 0x0000000100000000)
  eden space 306176K, 69% used [0x00000000d5580000,0x00000000e23dea50,0x00000000e8080000)
  from space 24064K, 99% used [0x00000000e9d80000,0x00000000eb4f8ca8,0x00000000eb500000)
  to   space 27648K, 0% used [0x00000000e8080000,0x00000000e8080000,0x00000000e9b80000)
 ParOldGen       total 82432K, used 61141K [0x0000000080000000, 0x0000000085080000, 0x00000000d5580000)
  object space 82432K, 74% used [0x0000000080000000,0x0000000083bb5468,0x0000000085080000)
 Metaspace       used 90086K, capacity 94738K, committed 94848K, reserved 1130496K
  class space    used 12178K, capacity 13081K, committed 13184K, reserved 1048576K
GC Heap History (10 events):
Event: 34.726 GC heap before
{Heap before GC invocations=13 (full 2):
 PSYoungGen      total 203264K, used 190976K [0x00000000d5580000, 0x00000000e2a00000, 0x0000000100000000)
  eden space 190976K, 100% used [0x00000000d5580000,0x00000000e1000000,0x00000000e1000000)
  from space 12288K, 0% used [0x00000000e1c80000,0x00000000e1c80000,0x00000000e2880000)
  to   space 12800K, 0% used [0x00000000e1000000,0x00000000e1000000,0x00000000e1c80000)
 ParOldGen       total 47616K, used 14694K [0x0000000080000000, 0x0000000082e80000, 0x00000000d5580000)
  object space 47616K, 30% used [0x0000000080000000,0x0000000080e599f8,0x0000000082e80000)
 Metaspace       used 45771K, capacity 47670K, committed 47872K, reserved 1091584K
  class space    used 6187K, capacity 6576K, committed 6656K, reserved 1048576K
Event: 34.815 GC heap after
Heap after GC invocations=13 (full 2):
 PSYoungGen      total 203776K, used 12773K [0x00000000d5580000, 0x00000000e6880000, 0x0000000100000000)
  eden space 190976K, 0% used [0x00000000d5580000,0x00000000d5580000,0x00000000e1000000)
  from space 12800K, 99% used [0x00000000e1000000,0x00000000e1c79620,0x00000000e1c80000)
  to   space 16384K, 0% used [0x00000000e5880000,0x00000000e5880000,0x00000000e6880000)
 ParOldGen       total 47616K, used 19441K [0x0000000080000000, 0x0000000082e80000, 0x00000000d5580000)
  object space 47616K, 40% used [0x0000000080000000,0x00000000812fc758,0x0000000082e80000)
 Metaspace       used 45771K, capacity 47670K, committed 47872K, reserved 1091584K
  class space    used 6187K, capacity 6576K, committed 6656K, reserved 1048576K
}
Event: 42.674 GC heap before
{Heap before GC invocations=14 (full 2):
 PSYoungGen      total 203776K, used 144878K [0x00000000d5580000, 0x00000000e6880000, 0x0000000100000000)
  eden space 190976K, 69% used [0x00000000d5580000,0x00000000dd6823c8,0x00000000e1000000)
  from space 12800K, 99% used [0x00000000e1000000,0x00000000e1c79620,0x00000000e1c80000)
  to   space 16384K, 0% used [0x00000000e5880000,0x00000000e5880000,0x00000000e6880000)
 ParOldGen       total 47616K, used 19441K [0x0000000080000000, 0x0000000082e80000, 0x00000000d5580000)
  object space 47616K, 40% used [0x0000000080000000,0x00000000812fc758,0x0000000082e80000)
 Metaspace       used 56390K, capacity 58896K, committed 59008K, reserved 1099776K
  class space    used 7675K, capacity 8223K, committed 8320K, reserved 1048576K
Event: 42.886 GC heap after
Heap after GC invocations=14 (full 2):
 PSYoungGen      total 262656K, used 16340K [0x00000000d5580000, 0x00000000e6b00000, 0x0000000100000000)
  eden space 246272K, 0% used [0x00000000d5580000,0x00000000d5580000,0x00000000e4600000)
  from space 16384K, 99% used [0x00000000e5880000,0x00000000e6875228,0x00000000e6880000)
  to   space 18944K, 0% used [0x00000000e4600000,0x00000000e4600000,0x00000000e5880000)
 ParOldGen       total 47616K, used 28498K [0x0000000080000000, 0x0000000082e80000, 0x00000000d5580000)
  object space 47616K, 59% used [0x0000000080000000,0x0000000081bd4850,0x0000000082e80000)
 Metaspace       used 56390K, capacity 58896K, committed 59008K, reserved 1099776K
  class space    used 7675K, capacity 8223K, committed 8320K, reserved 1048576K
}
Event: 42.886 GC heap before
{Heap before GC invocations=15 (full 3):
 PSYoungGen      total 262656K, used 16340K [0x00000000d5580000, 0x00000000e6b00000, 0x0000000100000000)
  eden space 246272K, 0% used [0x00000000d5580000,0x00000000d5580000,0x00000000e4600000)
  from space 16384K, 99% used [0x00000000e5880000,0x00000000e6875228,0x00000000e6880000)
  to   space 18944K, 0% used [0x00000000e4600000,0x00000000e4600000,0x00000000e5880000)
 ParOldGen       total 47616K, used 28498K [0x0000000080000000, 0x0000000082e80000, 0x00000000d5580000)
  object space 47616K, 59% used [0x0000000080000000,0x0000000081bd4850,0x0000000082e80000)
 Metaspace       used 56390K, capacity 58896K, committed 59008K, reserved 1099776K
  class space    used 7675K, capacity 8223K, committed 8320K, reserved 1048576K
Event: 43.499 GC heap after
Heap after GC invocations=15 (full 3):
 PSYoungGen      total 262656K, used 0K [0x00000000d5580000, 0x00000000e6b00000, 0x0000000100000000)
  eden space 246272K, 0% used [0x00000000d5580000,0x00000000d5580000,0x00000000e4600000)
  from space 16384K, 0% used [0x00000000e5880000,0x00000000e5880000,0x00000000e6880000)
  to   space 18944K, 0% used [0x00000000e4600000,0x00000000e4600000,0x00000000e5880000)
 ParOldGen       total 82432K, used 37526K [0x0000000080000000, 0x0000000085080000, 0x00000000d5580000)
  object space 82432K, 45% used [0x0000000080000000,0x00000000824a5ae8,0x0000000085080000)
 Metaspace       used 56387K, capacity 58884K, committed 59008K, reserved 1099776K
  class space    used 7674K, capacity 8221K, committed 8320K, reserved 1048576K
}
Event: 61.494 GC heap before
{Heap before GC invocations=16 (full 3):
 PSYoungGen      total 262656K, used 246272K [0x00000000d5580000, 0x00000000e6b00000, 0x0000000100000000)
  eden space 246272K, 100% used [0x00000000d5580000,0x00000000e4600000,0x00000000e4600000)
  from space 16384K, 0% used [0x00000000e5880000,0x00000000e5880000,0x00000000e6880000)
  to   space 18944K, 0% used [0x00000000e4600000,0x00000000e4600000,0x00000000e5880000)
 ParOldGen       total 82432K, used 37526K [0x0000000080000000, 0x0000000085080000, 0x00000000d5580000)
  object space 82432K, 45% used [0x0000000080000000,0x00000000824a5ae8,0x0000000085080000)
 Metaspace       used 64611K, capacity 67892K, committed 67968K, reserved 1107968K
  class space    used 8840K, capacity 9531K, committed 9600K, reserved 1048576K
Event: 61.624 GC heap after
Heap after GC invocations=16 (full 3):
 PSYoungGen      total 265216K, used 18941K [0x00000000d5580000, 0x00000000eb500000, 0x0000000100000000)
  eden space 246272K, 0% used [0x00000000d5580000,0x00000000d5580000,0x00000000e4600000)
  from space 18944K, 99% used [0x00000000e4600000,0x00000000e587f510,0x00000000e5880000)
  to   space 24064K, 0% used [0x00000000e9d80000,0x00000000e9d80000,0x00000000eb500000)
 ParOldGen       total 82432K, used 42820K [0x0000000080000000, 0x0000000085080000, 0x00000000d5580000)
  object space 82432K, 51% used [0x0000000080000000,0x00000000829d1008,0x0000000085080000)
 Metaspace       used 64611K, capacity 67892K, committed 67968K, reserved 1107968K
  class space    used 8840K, capacity 9531K, committed 9600K, reserved 1048576K
}
Event: 80.211 GC heap before
{Heap before GC invocations=17 (full 3):
 PSYoungGen      total 265216K, used 265213K [0x00000000d5580000, 0x00000000eb500000, 0x0000000100000000)
  eden space 246272K, 100% used [0x00000000d5580000,0x00000000e4600000,0x00000000e4600000)
  from space 18944K, 99% used [0x00000000e4600000,0x00000000e587f510,0x00000000e5880000)
  to   space 24064K, 0% used [0x00000000e9d80000,0x00000000e9d80000,0x00000000eb500000)
 ParOldGen       total 82432K, used 42820K [0x0000000080000000, 0x0000000085080000, 0x00000000d5580000)
  object space 82432K, 51% used [0x0000000080000000,0x00000000829d1008,0x0000000085080000)
 Metaspace       used 82717K, capacity 86986K, committed 87296K, reserved 1124352K
  class space    used 11403K, capacity 12217K, committed 12288K, reserved 1048576K
Event: 80.439 GC heap after
Heap after GC invocations=17 (full 3):
 PSYoungGen      total 330240K, used 24035K [0x00000000d5580000, 0x00000000eb680000, 0x0000000100000000)
  eden space 306176K, 0% used [0x00000000d5580000,0x00000000d5580000,0x00000000e8080000)
  from space 24064K, 99% used [0x00000000e9d80000,0x00000000eb4f8ca8,0x00000000eb500000)
  to   space 27648K, 0% used [0x00000000e8080000,0x00000000e8080000,0x00000000e9b80000)
 ParOldGen       total 82432K, used 61141K [0x0000000080000000, 0x0000000085080000, 0x00000000d5580000)
  object space 82432K, 74% used [0x0000000080000000,0x0000000083bb5468,0x0000000085080000)
 Metaspace       used 82717K, capacity 86986K, committed 87296K, reserved 1124352K
  class space    used 11403K, capacity 12217K, committed 12288K, reserved 1048576K
}

