# JRE version: OpenJDK Runtime Environment (8.0_242-b01) (build 1.8.0_242-release-1644-b01)
# Java VM: OpenJDK 64-Bit Server VM (25.242-b01 mixed mode windows-amd64 compressed oops)
Heap:
 PSYoungGen      total 459264K, used 84886K [0x00000000d5580000, 0x00000000f5d00000, 0x0000000100000000)
  eden space 407040K, 11% used [0x00000000d5580000,0x00000000d82f9200,0x00000000ee300000)
  from space 52224K, 73% used [0x00000000f2a00000,0x00000000f4f6c6a8,0x00000000f5d00000)
  to   space 62464K, 0% used [0x00000000ee300000,0x00000000ee300000,0x00000000f2000000)
 ParOldGen       total 205824K, used 110807K [0x0000000080000000, 0x000000008c900000, 0x00000000d5580000)
  object space 205824K, 53% used [0x0000000080000000,0x0000000086c35c30,0x000000008c900000)
 Metaspace       used 102212K, capacity 107766K, committed 108056K, reserved 1142784K
  class space    used 13232K, capacity 14293K, committed 14376K, reserved 1048576K
GC Heap History (10 events):
Event: 92.874 GC heap before
{Heap before GC invocations=16 (full 3):
 PSYoungGen      total 329216K, used 316193K [0x00000000d5580000, 0x00000000eb900000, 0x0000000100000000)
  eden space 309760K, 100% used [0x00000000d5580000,0x00000000e8400000,0x00000000e8400000)
  from space 19456K, 33% used [0x00000000ea600000,0x00000000eac48440,0x00000000eb900000)
  to   space 27136K, 0% used [0x00000000e8400000,0x00000000e8400000,0x00000000e9e80000)
 ParOldGen       total 95232K, used 60084K [0x0000000080000000, 0x0000000085d00000, 0x00000000d5580000)
  object space 95232K, 63% used [0x0000000080000000,0x0000000083aad0a8,0x0000000085d00000)
 Metaspace       used 83157K, capacity 87082K, committed 87320K, reserved 1124352K
  class space    used 10926K, capacity 11689K, committed 11816K, reserved 1048576K
Event: 93.013 GC heap after
Heap after GC invocations=16 (full 3):
 PSYoungGen      total 336896K, used 22980K [0x00000000d5580000, 0x00000000ef780000, 0x0000000100000000)
  eden space 309760K, 0% used [0x00000000d5580000,0x00000000d5580000,0x00000000e8400000)
  from space 27136K, 84% used [0x00000000e8400000,0x00000000e9a711c0,0x00000000e9e80000)
  to   space 30208K, 0% used [0x00000000eda00000,0x00000000eda00000,0x00000000ef780000)
 ParOldGen       total 95232K, used 60092K [0x0000000080000000, 0x0000000085d00000, 0x00000000d5580000)
  object space 95232K, 63% used [0x0000000080000000,0x0000000083aaf0a8,0x0000000085d00000)
 Metaspace       used 83157K, capacity 87082K, committed 87320K, reserved 1124352K
  class space    used 10926K, capacity 11689K, committed 11816K, reserved 1048576K
}
Event: 102.985 GC heap before
{Heap before GC invocations=17 (full 3):
 PSYoungGen      total 336896K, used 332740K [0x00000000d5580000, 0x00000000ef780000, 0x0000000100000000)
  eden space 309760K, 100% used [0x00000000d5580000,0x00000000e8400000,0x00000000e8400000)
  from space 27136K, 84% used [0x00000000e8400000,0x00000000e9a711c0,0x00000000e9e80000)
  to   space 30208K, 0% used [0x00000000eda00000,0x00000000eda00000,0x00000000ef780000)
 ParOldGen       total 95232K, used 60092K [0x0000000080000000, 0x0000000085d00000, 0x00000000d5580000)
  object space 95232K, 63% used [0x0000000080000000,0x0000000083aaf0a8,0x0000000085d00000)
 Metaspace       used 88944K, capacity 93244K, committed 93336K, reserved 1130496K
  class space    used 11803K, capacity 12632K, committed 12712K, reserved 1048576K
Event: 103.439 GC heap after
Heap after GC invocations=17 (full 3):
 PSYoungGen      total 374784K, used 30203K [0x00000000d5580000, 0x00000000f3780000, 0x0000000100000000)
  eden space 344576K, 0% used [0x00000000d5580000,0x00000000d5580000,0x00000000ea600000)
  from space 30208K, 99% used [0x00000000eda00000,0x00000000ef77ee08,0x00000000ef780000)
  to   space 53248K, 0% used [0x00000000ea600000,0x00000000ea600000,0x00000000eda00000)
 ParOldGen       total 109568K, used 109321K [0x0000000080000000, 0x0000000086b00000, 0x00000000d5580000)
  object space 109568K, 99% used [0x0000000080000000,0x0000000086ac2548,0x0000000086b00000)
 Metaspace       used 88944K, capacity 93244K, committed 93336K, reserved 1130496K
  class space    used 11803K, capacity 12632K, committed 12712K, reserved 1048576K
}
Event: 103.439 GC heap before
{Heap before GC invocations=18 (full 4):
 PSYoungGen      total 374784K, used 30203K [0x00000000d5580000, 0x00000000f3780000, 0x0000000100000000)
  eden space 344576K, 0% used [0x00000000d5580000,0x00000000d5580000,0x00000000ea600000)
  from space 30208K, 99% used [0x00000000eda00000,0x00000000ef77ee08,0x00000000ef780000)
  to   space 53248K, 0% used [0x00000000ea600000,0x00000000ea600000,0x00000000eda00000)
 ParOldGen       total 109568K, used 109321K [0x0000000080000000, 0x0000000086b00000, 0x00000000d5580000)
  object space 109568K, 99% used [0x0000000080000000,0x0000000086ac2548,0x0000000086b00000)
 Metaspace       used 88944K, capacity 93244K, committed 93336K, reserved 1130496K
  class space    used 11803K, capacity 12632K, committed 12712K, reserved 1048576K
Event: 105.904 GC heap after
Heap after GC invocations=18 (full 4):
 PSYoungGen      total 374784K, used 17879K [0x00000000d5580000, 0x00000000f3780000, 0x0000000100000000)
  eden space 344576K, 0% used [0x00000000d5580000,0x00000000d5580000,0x00000000ea600000)
  from space 30208K, 59% used [0x00000000eda00000,0x00000000eeb75ca0,0x00000000ef780000)
  to   space 53248K, 0% used [0x00000000ea600000,0x00000000ea600000,0x00000000eda00000)
 ParOldGen       total 205824K, used 109359K [0x0000000080000000, 0x000000008c900000, 0x00000000d5580000)
  object space 205824K, 53% used [0x0000000080000000,0x0000000086acbc30,0x000000008c900000)
 Metaspace       used 88941K, capacity 93238K, committed 93336K, reserved 1130496K
  class space    used 11802K, capacity 12631K, committed 12712K, reserved 1048576K
}
Event: 143.192 GC heap before
{Heap before GC invocations=19 (full 4):
 PSYoungGen      total 374784K, used 362455K [0x00000000d5580000, 0x00000000f3780000, 0x0000000100000000)
  eden space 344576K, 100% used [0x00000000d5580000,0x00000000ea600000,0x00000000ea600000)
  from space 30208K, 59% used [0x00000000eda00000,0x00000000eeb75ca0,0x00000000ef780000)
  to   space 53248K, 0% used [0x00000000ea600000,0x00000000ea600000,0x00000000eda00000)
 ParOldGen       total 205824K, used 109359K [0x0000000080000000, 0x000000008c900000, 0x00000000d5580000)
  object space 205824K, 53% used [0x0000000080000000,0x0000000086acbc30,0x000000008c900000)
 Metaspace       used 98507K, capacity 103700K, committed 103832K, reserved 1138688K
  class space    used 12989K, capacity 13974K, committed 13992K, reserved 1048576K
Event: 143.506 GC heap after
Heap after GC invocations=19 (full 4):
 PSYoungGen      total 397824K, used 45850K [0x00000000d5580000, 0x00000000f6480000, 0x0000000100000000)
  eden space 344576K, 0% used [0x00000000d5580000,0x00000000d5580000,0x00000000ea600000)
  from space 53248K, 86% used [0x00000000ea600000,0x00000000ed2c6be8,0x00000000eda00000)
  to   space 59904K, 0% used [0x00000000f2a00000,0x00000000f2a00000,0x00000000f6480000)
 ParOldGen       total 205824K, used 110799K [0x0000000080000000, 0x000000008c900000, 0x00000000d5580000)
  object space 205824K, 53% used [0x0000000080000000,0x0000000086c33c30,0x000000008c900000)
 Metaspace       used 98507K, capacity 103700K, committed 103832K, reserved 1138688K
  class space    used 12989K, capacity 13974K, committed 13992K, reserved 1048576K
}
Event: 616.097 GC heap before
{Heap before GC invocations=20 (full 4):
 PSYoungGen      total 397824K, used 390426K [0x00000000d5580000, 0x00000000f6480000, 0x0000000100000000)
  eden space 344576K, 100% used [0x00000000d5580000,0x00000000ea600000,0x00000000ea600000)
  from space 53248K, 86% used [0x00000000ea600000,0x00000000ed2c6be8,0x00000000eda00000)
  to   space 59904K, 0% used [0x00000000f2a00000,0x00000000f2a00000,0x00000000f6480000)
 ParOldGen       total 205824K, used 110799K [0x0000000080000000, 0x000000008c900000, 0x00000000d5580000)
  object space 205824K, 53% used [0x0000000080000000,0x0000000086c33c30,0x000000008c900000)
 Metaspace       used 102137K, capacity 107612K, committed 107800K, reserved 1142784K
  class space    used 13219K, capacity 14270K, committed 14376K, reserved 1048576K
Event: 616.432 GC heap after
Heap after GC invocations=20 (full 4):
 PSYoungGen      total 459264K, used 38321K [0x00000000d5580000, 0x00000000f5d00000, 0x0000000100000000)
  eden space 407040K, 0% used [0x00000000d5580000,0x00000000d5580000,0x00000000ee300000)
  from space 52224K, 73% used [0x00000000f2a00000,0x00000000f4f6c6a8,0x00000000f5d00000)
  to   space 62464K, 0% used [0x00000000ee300000,0x00000000ee300000,0x00000000f2000000)
 ParOldGen       total 205824K, used 110807K [0x0000000080000000, 0x000000008c900000, 0x00000000d5580000)
  object space 205824K, 53% used [0x0000000080000000,0x0000000086c35c30,0x000000008c900000)
 Metaspace       used 102137K, capacity 107612K, committed 107800K, reserved 1142784K
  class space    used 13219K, capacity 14270K, committed 14376K, reserved 1048576K
}

