# JRE version: OpenJDK Runtime Environment (8.0_242-b01) (build 1.8.0_242-release-1644-b01)
# Java VM: OpenJDK 64-Bit Server VM (25.242-b01 mixed mode windows-amd64 compressed oops)
Heap:
 PSYoungGen      total 365568K, used 33889K [0x00000000d5580000, 0x00000000ed800000, 0x0000000100000000)
  eden space 335360K, 2% used [0x00000000d5580000,0x00000000d5f3e390,0x00000000e9d00000)
  from space 30208K, 79% used [0x00000000e9d00000,0x00000000eb45a178,0x00000000eba80000)
  to   space 22528K, 0% used [0x00000000ec200000,0x00000000ec200000,0x00000000ed800000)
 ParOldGen       total 139264K, used 64153K [0x0000000080000000, 0x0000000088800000, 0x00000000d5580000)
  object space 139264K, 46% used [0x0000000080000000,0x0000000083ea67d8,0x0000000088800000)
 Metaspace       used 96512K, capacity 101856K, committed 101976K, reserved 1138688K
  class space    used 12485K, capacity 13610K, committed 13656K, reserved 1048576K
GC Heap History (10 events):
Event: 87.310 GC heap before
{Heap before GC invocations=17 (full 3):
 PSYoungGen      total 263168K, used 263143K [0x00000000d5580000, 0x00000000ea600000, 0x0000000100000000)
  eden space 244736K, 100% used [0x00000000d5580000,0x00000000e4480000,0x00000000e4480000)
  from space 18432K, 99% used [0x00000000e4480000,0x00000000e5679f80,0x00000000e5680000)
  to   space 23552K, 0% used [0x00000000e8f00000,0x00000000e8f00000,0x00000000ea600000)
 ParOldGen       total 83968K, used 41987K [0x0000000080000000, 0x0000000085200000, 0x00000000d5580000)
  object space 83968K, 50% used [0x0000000080000000,0x0000000082900cf8,0x0000000085200000)
 Metaspace       used 80516K, capacity 84356K, committed 84568K, reserved 1122304K
  class space    used 10795K, capacity 11600K, committed 11608K, reserved 1048576K
Event: 87.565 GC heap after
Heap after GC invocations=17 (full 3):
 PSYoungGen      total 317952K, used 17246K [0x00000000d5580000, 0x00000000ea600000, 0x0000000100000000)
  eden space 294400K, 0% used [0x00000000d5580000,0x00000000d5580000,0x00000000e7500000)
  from space 23552K, 73% used [0x00000000e8f00000,0x00000000e9fd7ae8,0x00000000ea600000)
  to   space 25088K, 0% used [0x00000000e7500000,0x00000000e7500000,0x00000000e8d80000)
 ParOldGen       total 83968K, used 57027K [0x0000000080000000, 0x0000000085200000, 0x00000000d5580000)
  object space 83968K, 67% used [0x0000000080000000,0x00000000837b0ef8,0x0000000085200000)
 Metaspace       used 80516K, capacity 84356K, committed 84568K, reserved 1122304K
  class space    used 10795K, capacity 11600K, committed 11608K, reserved 1048576K
}
Event: 178.633 GC heap before
{Heap before GC invocations=18 (full 3):
 PSYoungGen      total 317952K, used 311646K [0x00000000d5580000, 0x00000000ea600000, 0x0000000100000000)
  eden space 294400K, 100% used [0x00000000d5580000,0x00000000e7500000,0x00000000e7500000)
  from space 23552K, 73% used [0x00000000e8f00000,0x00000000e9fd7ae8,0x00000000ea600000)
  to   space 25088K, 0% used [0x00000000e7500000,0x00000000e7500000,0x00000000e8d80000)
 ParOldGen       total 83968K, used 57027K [0x0000000080000000, 0x0000000085200000, 0x00000000d5580000)
  object space 83968K, 67% used [0x0000000080000000,0x00000000837b0ef8,0x0000000085200000)
 Metaspace       used 88791K, capacity 92832K, committed 93144K, reserved 1130496K
  class space    used 11584K, capacity 12391K, committed 12504K, reserved 1048576K
Event: 178.748 GC heap after
Heap after GC invocations=18 (full 3):
 PSYoungGen      total 319488K, used 25077K [0x00000000d5580000, 0x00000000ede80000, 0x0000000100000000)
  eden space 294400K, 0% used [0x00000000d5580000,0x00000000d5580000,0x00000000e7500000)
  from space 25088K, 99% used [0x00000000e7500000,0x00000000e8d7d670,0x00000000e8d80000)
  to   space 29184K, 0% used [0x00000000ec200000,0x00000000ec200000,0x00000000ede80000)
 ParOldGen       total 83968K, used 57558K [0x0000000080000000, 0x0000000085200000, 0x00000000d5580000)
  object space 83968K, 68% used [0x0000000080000000,0x0000000083835ba8,0x0000000085200000)
 Metaspace       used 88791K, capacity 92832K, committed 93144K, reserved 1130496K
  class space    used 11584K, capacity 12391K, committed 12504K, reserved 1048576K
}
Event: 327.608 GC heap before
{Heap before GC invocations=19 (full 3):
 PSYoungGen      total 319488K, used 319477K [0x00000000d5580000, 0x00000000ede80000, 0x0000000100000000)
  eden space 294400K, 100% used [0x00000000d5580000,0x00000000e7500000,0x00000000e7500000)
  from space 25088K, 99% used [0x00000000e7500000,0x00000000e8d7d670,0x00000000e8d80000)
  to   space 29184K, 0% used [0x00000000ec200000,0x00000000ec200000,0x00000000ede80000)
 ParOldGen       total 83968K, used 57558K [0x0000000080000000, 0x0000000085200000, 0x00000000d5580000)
  object space 83968K, 68% used [0x0000000080000000,0x0000000083835ba8,0x0000000085200000)
 Metaspace       used 90301K, capacity 94832K, committed 95064K, reserved 1132544K
  class space    used 11669K, capacity 12546K, committed 12632K, reserved 1048576K
Event: 327.792 GC heap after
Heap after GC invocations=19 (full 3):
 PSYoungGen      total 357888K, used 19399K [0x00000000d5580000, 0x00000000ed800000, 0x0000000100000000)
  eden space 335360K, 0% used [0x00000000d5580000,0x00000000d5580000,0x00000000e9d00000)
  from space 22528K, 86% used [0x00000000ec200000,0x00000000ed4f1c40,0x00000000ed800000)
  to   space 30208K, 0% used [0x00000000e9d00000,0x00000000e9d00000,0x00000000eba80000)
 ParOldGen       total 83968K, used 76077K [0x0000000080000000, 0x0000000085200000, 0x00000000d5580000)
  object space 83968K, 90% used [0x0000000080000000,0x0000000084a4b790,0x0000000085200000)
 Metaspace       used 90301K, capacity 94832K, committed 95064K, reserved 1132544K
  class space    used 11669K, capacity 12546K, committed 12632K, reserved 1048576K
}
Event: 327.792 GC heap before
{Heap before GC invocations=20 (full 4):
 PSYoungGen      total 357888K, used 19399K [0x00000000d5580000, 0x00000000ed800000, 0x0000000100000000)
  eden space 335360K, 0% used [0x00000000d5580000,0x00000000d5580000,0x00000000e9d00000)
  from space 22528K, 86% used [0x00000000ec200000,0x00000000ed4f1c40,0x00000000ed800000)
  to   space 30208K, 0% used [0x00000000e9d00000,0x00000000e9d00000,0x00000000eba80000)
 ParOldGen       total 83968K, used 76077K [0x0000000080000000, 0x0000000085200000, 0x00000000d5580000)
  object space 83968K, 90% used [0x0000000080000000,0x0000000084a4b790,0x0000000085200000)
 Metaspace       used 90301K, capacity 94832K, committed 95064K, reserved 1132544K
  class space    used 11669K, capacity 12546K, committed 12632K, reserved 1048576K
Event: 337.616 GC heap after
Heap after GC invocations=20 (full 4):
 PSYoungGen      total 357888K, used 0K [0x00000000d5580000, 0x00000000ed800000, 0x0000000100000000)
  eden space 335360K, 0% used [0x00000000d5580000,0x00000000d5580000,0x00000000e9d00000)
  from space 22528K, 0% used [0x00000000ec200000,0x00000000ec200000,0x00000000ed800000)
  to   space 30208K, 0% used [0x00000000e9d00000,0x00000000e9d00000,0x00000000eba80000)
 ParOldGen       total 139264K, used 64145K [0x0000000080000000, 0x0000000088800000, 0x00000000d5580000)
  object space 139264K, 46% used [0x0000000080000000,0x0000000083ea47d8,0x0000000088800000)
 Metaspace       used 90252K, capacity 94700K, committed 95064K, reserved 1132544K
  class space    used 11653K, capacity 12526K, committed 12632K, reserved 1048576K
}
Event: 5131.856 GC heap before
{Heap before GC invocations=21 (full 4):
 PSYoungGen      total 357888K, used 335360K [0x00000000d5580000, 0x00000000ed800000, 0x0000000100000000)
  eden space 335360K, 100% used [0x00000000d5580000,0x00000000e9d00000,0x00000000e9d00000)
  from space 22528K, 0% used [0x00000000ec200000,0x00000000ec200000,0x00000000ed800000)
  to   space 30208K, 0% used [0x00000000e9d00000,0x00000000e9d00000,0x00000000eba80000)
 ParOldGen       total 139264K, used 64145K [0x0000000080000000, 0x0000000088800000, 0x00000000d5580000)
  object space 139264K, 46% used [0x0000000080000000,0x0000000083ea47d8,0x0000000088800000)
 Metaspace       used 96433K, capacity 101766K, committed 101976K, reserved 1138688K
  class space    used 12478K, capacity 13605K, committed 13656K, reserved 1048576K
Event: 5133.861 GC heap after
Heap after GC invocations=21 (full 4):
 PSYoungGen      total 365568K, used 23912K [0x00000000d5580000, 0x00000000ed800000, 0x0000000100000000)
  eden space 335360K, 0% used [0x00000000d5580000,0x00000000d5580000,0x00000000e9d00000)
  from space 30208K, 79% used [0x00000000e9d00000,0x00000000eb45a178,0x00000000eba80000)
  to   space 22528K, 0% used [0x00000000ec200000,0x00000000ec200000,0x00000000ed800000)
 ParOldGen       total 139264K, used 64153K [0x0000000080000000, 0x0000000088800000, 0x00000000d5580000)
  object space 139264K, 46% used [0x0000000080000000,0x0000000083ea67d8,0x0000000088800000)
 Metaspace       used 96433K, capacity 101766K, committed 101976K, reserved 1138688K
  class space    used 12478K, capacity 13605K, committed 13656K, reserved 1048576K
}

