# JRE version: OpenJDK Runtime Environment (8.0_242-b01) (build 1.8.0_242-release-1644-b01)
# Java VM: OpenJDK 64-Bit Server VM (25.242-b01 mixed mode windows-amd64 compressed oops)
Heap:
 PSYoungGen      total 488960K, used 240462K [0x00000000d5580000, 0x00000000fc480000, 0x0000000100000000)
  eden space 450560K, 49% used [0x00000000d5580000,0x00000000e2fec748,0x00000000f0d80000)
  from space 38400K, 43% used [0x00000000f0d80000,0x00000000f1de7338,0x00000000f3300000)
  to   space 37376K, 0% used [0x00000000fa000000,0x00000000fa000000,0x00000000fc480000)
 ParOldGen       total 135680K, used 62804K [0x0000000080000000, 0x0000000088480000, 0x00000000d5580000)
  object space 135680K, 46% used [0x0000000080000000,0x0000000083d552a8,0x0000000088480000)
 Metaspace       used 95943K, capacity 101549K, committed 101672K, reserved 1136640K
  class space    used 12548K, capacity 13553K, committed 13608K, reserved 1048576K
GC Heap History (10 events):
Event: 83.586 GC heap before
{Heap before GC invocations=15 (full 3):
 PSYoungGen      total 309248K, used 309237K [0x00000000d5580000, 0x00000000ef780000, 0x0000000100000000)
  eden space 286208K, 100% used [0x00000000d5580000,0x00000000e6d00000,0x00000000e6d00000)
  from space 23040K, 99% used [0x00000000e6d00000,0x00000000e837d7b8,0x00000000e8380000)
  to   space 28160K, 0% used [0x00000000edc00000,0x00000000edc00000,0x00000000ef780000)
 ParOldGen       total 85504K, used 40314K [0x0000000080000000, 0x0000000085380000, 0x00000000d5580000)
  object space 85504K, 47% used [0x0000000080000000,0x000000008275e800,0x0000000085380000)
 Metaspace       used 78544K, capacity 82181K, committed 82216K, reserved 1120256K
  class space    used 10560K, capacity 11285K, committed 11304K, reserved 1048576K
Event: 83.865 GC heap after
Heap after GC invocations=15 (full 3):
 PSYoungGen      total 391680K, used 23693K [0x00000000d5580000, 0x00000000ef680000, 0x0000000100000000)
  eden space 364544K, 0% used [0x00000000d5580000,0x00000000d5580000,0x00000000eb980000)
  from space 27136K, 87% used [0x00000000edc00000,0x00000000ef3235b0,0x00000000ef680000)
  to   space 31232K, 0% used [0x00000000eb980000,0x00000000eb980000,0x00000000ed800000)
 ParOldGen       total 85504K, used 59681K [0x0000000080000000, 0x0000000085380000, 0x00000000d5580000)
  object space 85504K, 69% used [0x0000000080000000,0x0000000083a48520,0x0000000085380000)
 Metaspace       used 78544K, capacity 82181K, committed 82216K, reserved 1120256K
  class space    used 10560K, capacity 11285K, committed 11304K, reserved 1048576K
}
Event: 214.094 GC heap before
{Heap before GC invocations=16 (full 3):
 PSYoungGen      total 391680K, used 388237K [0x00000000d5580000, 0x00000000ef680000, 0x0000000100000000)
  eden space 364544K, 100% used [0x00000000d5580000,0x00000000eb980000,0x00000000eb980000)
  from space 27136K, 87% used [0x00000000edc00000,0x00000000ef3235b0,0x00000000ef680000)
  to   space 31232K, 0% used [0x00000000eb980000,0x00000000eb980000,0x00000000ed800000)
 ParOldGen       total 85504K, used 59681K [0x0000000080000000, 0x0000000085380000, 0x00000000d5580000)
  object space 85504K, 69% used [0x0000000080000000,0x0000000083a48520,0x0000000085380000)
 Metaspace       used 93571K, capacity 98301K, committed 98344K, reserved 1134592K
  class space    used 12417K, capacity 13323K, committed 13352K, reserved 1048576K
Event: 214.279 GC heap after
Heap after GC invocations=16 (full 3):
 PSYoungGen      total 395776K, used 31210K [0x00000000d5580000, 0x00000000f5880000, 0x0000000100000000)
  eden space 364544K, 0% used [0x00000000d5580000,0x00000000d5580000,0x00000000eb980000)
  from space 31232K, 99% used [0x00000000eb980000,0x00000000ed7fab80,0x00000000ed800000)
  to   space 38400K, 0% used [0x00000000f3300000,0x00000000f3300000,0x00000000f5880000)
 ParOldGen       total 85504K, used 65596K [0x0000000080000000, 0x0000000085380000, 0x00000000d5580000)
  object space 85504K, 76% used [0x0000000080000000,0x000000008400f308,0x0000000085380000)
 Metaspace       used 93571K, capacity 98301K, committed 98344K, reserved 1134592K
  class space    used 12417K, capacity 13323K, committed 13352K, reserved 1048576K
}
Event: 219.238 GC heap before
{Heap before GC invocations=17 (full 3):
 PSYoungGen      total 395776K, used 100000K [0x00000000d5580000, 0x00000000f5880000, 0x0000000100000000)
  eden space 364544K, 18% used [0x00000000d5580000,0x00000000d98ad4b0,0x00000000eb980000)
  from space 31232K, 99% used [0x00000000eb980000,0x00000000ed7fab80,0x00000000ed800000)
  to   space 38400K, 0% used [0x00000000f3300000,0x00000000f3300000,0x00000000f5880000)
 ParOldGen       total 85504K, used 65596K [0x0000000080000000, 0x0000000085380000, 0x00000000d5580000)
  object space 85504K, 76% used [0x0000000080000000,0x000000008400f308,0x0000000085380000)
 Metaspace       used 93750K, capacity 98555K, committed 98600K, reserved 1134592K
  class space    used 12426K, capacity 13340K, committed 13352K, reserved 1048576K
Event: 219.375 GC heap after
Heap after GC invocations=17 (full 3):
 PSYoungGen      total 488960K, used 1216K [0x00000000d5580000, 0x00000000f6080000, 0x0000000100000000)
  eden space 450560K, 0% used [0x00000000d5580000,0x00000000d5580000,0x00000000f0d80000)
  from space 38400K, 3% used [0x00000000f3300000,0x00000000f3430020,0x00000000f5880000)
  to   space 38400K, 0% used [0x00000000f0d80000,0x00000000f0d80000,0x00000000f3300000)
 ParOldGen       total 91136K, used 90675K [0x0000000080000000, 0x0000000085900000, 0x00000000d5580000)
  object space 91136K, 99% used [0x0000000080000000,0x000000008588ce58,0x0000000085900000)
 Metaspace       used 93750K, capacity 98555K, committed 98600K, reserved 1134592K
  class space    used 12426K, capacity 13340K, committed 13352K, reserved 1048576K
}
Event: 219.375 GC heap before
{Heap before GC invocations=18 (full 4):
 PSYoungGen      total 488960K, used 1216K [0x00000000d5580000, 0x00000000f6080000, 0x0000000100000000)
  eden space 450560K, 0% used [0x00000000d5580000,0x00000000d5580000,0x00000000f0d80000)
  from space 38400K, 3% used [0x00000000f3300000,0x00000000f3430020,0x00000000f5880000)
  to   space 38400K, 0% used [0x00000000f0d80000,0x00000000f0d80000,0x00000000f3300000)
 ParOldGen       total 91136K, used 90675K [0x0000000080000000, 0x0000000085900000, 0x00000000d5580000)
  object space 91136K, 99% used [0x0000000080000000,0x000000008588ce58,0x0000000085900000)
 Metaspace       used 93750K, capacity 98555K, committed 98600K, reserved 1134592K
  class space    used 12426K, capacity 13340K, committed 13352K, reserved 1048576K
Event: 220.265 GC heap after
Heap after GC invocations=18 (full 4):
 PSYoungGen      total 488960K, used 0K [0x00000000d5580000, 0x00000000f6080000, 0x0000000100000000)
  eden space 450560K, 0% used [0x00000000d5580000,0x00000000d5580000,0x00000000f0d80000)
  from space 38400K, 0% used [0x00000000f3300000,0x00000000f3300000,0x00000000f5880000)
  to   space 38400K, 0% used [0x00000000f0d80000,0x00000000f0d80000,0x00000000f3300000)
 ParOldGen       total 135680K, used 62796K [0x0000000080000000, 0x0000000088480000, 0x00000000d5580000)
  object space 135680K, 46% used [0x0000000080000000,0x0000000083d532a8,0x0000000088480000)
 Metaspace       used 93742K, capacity 98535K, committed 98600K, reserved 1134592K
  class space    used 12424K, capacity 13336K, committed 13352K, reserved 1048576K
}
Event: 1082.990 GC heap before
{Heap before GC invocations=19 (full 4):
 PSYoungGen      total 488960K, used 450560K [0x00000000d5580000, 0x00000000f6080000, 0x0000000100000000)
  eden space 450560K, 100% used [0x00000000d5580000,0x00000000f0d80000,0x00000000f0d80000)
  from space 38400K, 0% used [0x00000000f3300000,0x00000000f3300000,0x00000000f5880000)
  to   space 38400K, 0% used [0x00000000f0d80000,0x00000000f0d80000,0x00000000f3300000)
 ParOldGen       total 135680K, used 62796K [0x0000000080000000, 0x0000000088480000, 0x00000000d5580000)
  object space 135680K, 46% used [0x0000000080000000,0x0000000083d532a8,0x0000000088480000)
 Metaspace       used 95109K, capacity 100497K, committed 100648K, reserved 1136640K
  class space    used 12517K, capacity 13501K, committed 13608K, reserved 1048576K
Event: 1083.201 GC heap after
Heap after GC invocations=19 (full 4):
 PSYoungGen      total 488960K, used 16796K [0x00000000d5580000, 0x00000000fc480000, 0x0000000100000000)
  eden space 450560K, 0% used [0x00000000d5580000,0x00000000d5580000,0x00000000f0d80000)
  from space 38400K, 43% used [0x00000000f0d80000,0x00000000f1de7338,0x00000000f3300000)
  to   space 37376K, 0% used [0x00000000fa000000,0x00000000fa000000,0x00000000fc480000)
 ParOldGen       total 135680K, used 62804K [0x0000000080000000, 0x0000000088480000, 0x00000000d5580000)
  object space 135680K, 46% used [0x0000000080000000,0x0000000083d552a8,0x0000000088480000)
 Metaspace       used 95109K, capacity 100497K, committed 100648K, reserved 1136640K
  class space    used 12517K, capacity 13501K, committed 13608K, reserved 1048576K
}

