# JRE version: OpenJDK Runtime Environment (8.0_242-b01) (build 1.8.0_242-release-1644-b01)
# Java VM: OpenJDK 64-Bit Server VM (25.242-b01 mixed mode windows-amd64 compressed oops)
Heap:
 PSYoungGen      total 202752K, used 107747K [0x00000000d5580000, 0x00000000e2880000, 0x0000000100000000)
  eden space 190464K, 56% used [0x00000000d5580000,0x00000000dbeb8ef8,0x00000000e0f80000)
  from space 12288K, 0% used [0x00000000e1c80000,0x00000000e1c80000,0x00000000e2880000)
  to   space 12800K, 0% used [0x00000000e0f80000,0x00000000e0f80000,0x00000000e1c00000)
 ParOldGen       total 32256K, used 15246K [0x0000000080000000, 0x0000000081f80000, 0x00000000d5580000)
  object space 32256K, 47% used [0x0000000080000000,0x0000000080ee3a70,0x0000000081f80000)
 Metaspace       used 38800K, capacity 40646K, committed 40832K, reserved 1085440K
  class space    used 5314K, capacity 5698K, committed 5760K, reserved 1048576K
GC Heap History (10 events):
Event: 16.489 GC heap before
{Heap before GC invocations=8 (full 0):
 PSYoungGen      total 71168K, used 11815K [0x00000000d5580000, 0x00000000de680000, 0x0000000100000000)
  eden space 64512K, 8% used [0x00000000d5580000,0x00000000d5a8d068,0x00000000d9480000)
  from space 6656K, 99% used [0x00000000d9480000,0x00000000d9afcba8,0x00000000d9b00000)
  to   space 9728K, 0% used [0x00000000ddd00000,0x00000000ddd00000,0x00000000de680000)
 ParOldGen       total 44032K, used 8613K [0x0000000080000000, 0x0000000082b00000, 0x00000000d5580000)
  object space 44032K, 19% used [0x0000000080000000,0x0000000080869428,0x0000000082b00000)
 Metaspace       used 20525K, capacity 21230K, committed 21296K, reserved 1067008K
  class space    used 2854K, capacity 3039K, committed 3072K, reserved 1048576K
Event: 16.510 GC heap after
Heap after GC invocations=8 (full 0):
 PSYoungGen      total 137728K, used 4080K [0x00000000d5580000, 0x00000000de580000, 0x0000000100000000)
  eden space 129024K, 0% used [0x00000000d5580000,0x00000000d5580000,0x00000000dd380000)
  from space 8704K, 46% used [0x00000000ddd00000,0x00000000de0fc040,0x00000000de580000)
  to   space 9216K, 0% used [0x00000000dd380000,0x00000000dd380000,0x00000000ddc80000)
 ParOldGen       total 44032K, used 9181K [0x0000000080000000, 0x0000000082b00000, 0x00000000d5580000)
  object space 44032K, 20% used [0x0000000080000000,0x00000000808f7428,0x0000000082b00000)
 Metaspace       used 20525K, capacity 21230K, committed 21296K, reserved 1067008K
  class space    used 2854K, capacity 3039K, committed 3072K, reserved 1048576K
}
Event: 16.510 GC heap before
{Heap before GC invocations=9 (full 1):
 PSYoungGen      total 137728K, used 4080K [0x00000000d5580000, 0x00000000de580000, 0x0000000100000000)
  eden space 129024K, 0% used [0x00000000d5580000,0x00000000d5580000,0x00000000dd380000)
  from space 8704K, 46% used [0x00000000ddd00000,0x00000000de0fc040,0x00000000de580000)
  to   space 9216K, 0% used [0x00000000dd380000,0x00000000dd380000,0x00000000ddc80000)
 ParOldGen       total 44032K, used 9181K [0x0000000080000000, 0x0000000082b00000, 0x00000000d5580000)
  object space 44032K, 20% used [0x0000000080000000,0x00000000808f7428,0x0000000082b00000)
 Metaspace       used 20525K, capacity 21230K, committed 21296K, reserved 1067008K
  class space    used 2854K, capacity 3039K, committed 3072K, reserved 1048576K
Event: 16.643 GC heap after
Heap after GC invocations=9 (full 1):
 PSYoungGen      total 137728K, used 0K [0x00000000d5580000, 0x00000000de580000, 0x0000000100000000)
  eden space 129024K, 0% used [0x00000000d5580000,0x00000000d5580000,0x00000000dd380000)
  from space 8704K, 0% used [0x00000000ddd00000,0x00000000ddd00000,0x00000000de580000)
  to   space 9216K, 0% used [0x00000000dd380000,0x00000000dd380000,0x00000000ddc80000)
 ParOldGen       total 32256K, used 8812K [0x0000000080000000, 0x0000000081f80000, 0x00000000d5580000)
  object space 32256K, 27% used [0x0000000080000000,0x000000008089b070,0x0000000081f80000)
 Metaspace       used 20525K, capacity 21230K, committed 21296K, reserved 1067008K
  class space    used 2854K, capacity 3039K, committed 3072K, reserved 1048576K
}
Event: 22.685 GC heap before
{Heap before GC invocations=10 (full 1):
 PSYoungGen      total 137728K, used 129024K [0x00000000d5580000, 0x00000000de580000, 0x0000000100000000)
  eden space 129024K, 100% used [0x00000000d5580000,0x00000000dd380000,0x00000000dd380000)
  from space 8704K, 0% used [0x00000000ddd00000,0x00000000ddd00000,0x00000000de580000)
  to   space 9216K, 0% used [0x00000000dd380000,0x00000000dd380000,0x00000000ddc80000)
 ParOldGen       total 32256K, used 8812K [0x0000000080000000, 0x0000000081f80000, 0x00000000d5580000)
  object space 32256K, 27% used [0x0000000080000000,0x000000008089b070,0x0000000081f80000)
 Metaspace       used 32469K, capacity 33574K, committed 33920K, reserved 1079296K
  class space    used 4369K, capacity 4658K, committed 4736K, reserved 1048576K
Event: 22.776 GC heap after
Heap after GC invocations=10 (full 1):
 PSYoungGen      total 138240K, used 9188K [0x00000000d5580000, 0x00000000e2880000, 0x0000000100000000)
  eden space 129024K, 0% used [0x00000000d5580000,0x00000000d5580000,0x00000000dd380000)
  from space 9216K, 99% used [0x00000000dd380000,0x00000000ddc790e8,0x00000000ddc80000)
  to   space 12288K, 0% used [0x00000000e1c80000,0x00000000e1c80000,0x00000000e2880000)
 ParOldGen       total 32256K, used 12617K [0x0000000080000000, 0x0000000081f80000, 0x00000000d5580000)
  object space 32256K, 39% used [0x0000000080000000,0x0000000080c525b8,0x0000000081f80000)
 Metaspace       used 32469K, capacity 33574K, committed 33920K, reserved 1079296K
  class space    used 4369K, capacity 4658K, committed 4736K, reserved 1048576K
}
Event: 24.616 GC heap before
{Heap before GC invocations=11 (full 1):
 PSYoungGen      total 138240K, used 49557K [0x00000000d5580000, 0x00000000e2880000, 0x0000000100000000)
  eden space 129024K, 31% used [0x00000000d5580000,0x00000000d7cec648,0x00000000dd380000)
  from space 9216K, 99% used [0x00000000dd380000,0x00000000ddc790e8,0x00000000ddc80000)
  to   space 12288K, 0% used [0x00000000e1c80000,0x00000000e1c80000,0x00000000e2880000)
 ParOldGen       total 32256K, used 12617K [0x0000000080000000, 0x0000000081f80000, 0x00000000d5580000)
  object space 32256K, 39% used [0x0000000080000000,0x0000000080c525b8,0x0000000081f80000)
 Metaspace       used 34062K, capacity 35320K, committed 35456K, reserved 1079296K
  class space    used 4583K, capacity 4882K, committed 4992K, reserved 1048576K
Event: 24.657 GC heap after
Heap after GC invocations=11 (full 1):
 PSYoungGen      total 202752K, used 8801K [0x00000000d5580000, 0x00000000e2880000, 0x0000000100000000)
  eden space 190464K, 0% used [0x00000000d5580000,0x00000000d5580000,0x00000000e0f80000)
  from space 12288K, 71% used [0x00000000e1c80000,0x00000000e2518448,0x00000000e2880000)
  to   space 12800K, 0% used [0x00000000e0f80000,0x00000000e0f80000,0x00000000e1c00000)
 ParOldGen       total 32256K, used 12625K [0x0000000080000000, 0x0000000081f80000, 0x00000000d5580000)
  object space 32256K, 39% used [0x0000000080000000,0x0000000080c545b8,0x0000000081f80000)
 Metaspace       used 34062K, capacity 35320K, committed 35456K, reserved 1079296K
  class space    used 4583K, capacity 4882K, committed 4992K, reserved 1048576K
}
Event: 24.657 GC heap before
{Heap before GC invocations=12 (full 2):
 PSYoungGen      total 202752K, used 8801K [0x00000000d5580000, 0x00000000e2880000, 0x0000000100000000)
  eden space 190464K, 0% used [0x00000000d5580000,0x00000000d5580000,0x00000000e0f80000)
  from space 12288K, 71% used [0x00000000e1c80000,0x00000000e2518448,0x00000000e2880000)
  to   space 12800K, 0% used [0x00000000e0f80000,0x00000000e0f80000,0x00000000e1c00000)
 ParOldGen       total 32256K, used 12625K [0x0000000080000000, 0x0000000081f80000, 0x00000000d5580000)
  object space 32256K, 39% used [0x0000000080000000,0x0000000080c545b8,0x0000000081f80000)
 Metaspace       used 34062K, capacity 35320K, committed 35456K, reserved 1079296K
  class space    used 4583K, capacity 4882K, committed 4992K, reserved 1048576K
Event: 24.932 GC heap after
Heap after GC invocations=12 (full 2):
 PSYoungGen      total 202752K, used 0K [0x00000000d5580000, 0x00000000e2880000, 0x0000000100000000)
  eden space 190464K, 0% used [0x00000000d5580000,0x00000000d5580000,0x00000000e0f80000)
  from space 12288K, 0% used [0x00000000e1c80000,0x00000000e1c80000,0x00000000e2880000)
  to   space 12800K, 0% used [0x00000000e0f80000,0x00000000e0f80000,0x00000000e1c00000)
 ParOldGen       total 32256K, used 15246K [0x0000000080000000, 0x0000000081f80000, 0x00000000d5580000)
  object space 32256K, 47% used [0x0000000080000000,0x0000000080ee3a70,0x0000000081f80000)
 Metaspace       used 34062K, capacity 35320K, committed 35456K, reserved 1079296K
  class space    used 4583K, capacity 4882K, committed 4992K, reserved 1048576K
}

