# JRE version: OpenJDK Runtime Environment (8.0_242-b01) (build 1.8.0_242-release-1644-b01)
# Java VM: OpenJDK 64-Bit Server VM (25.242-b01 mixed mode windows-amd64 compressed oops)
Heap:
 PSYoungGen      total 323584K, used 143583K [0x00000000d5580000, 0x00000000eb480000, 0x0000000100000000)
  eden space 287744K, 41% used [0x00000000d5580000,0x00000000dcac0ec8,0x00000000e6e80000)
  from space 35840K, 65% used [0x00000000e6e80000,0x00000000e8576f88,0x00000000e9180000)
  to   space 35328K, 0% used [0x00000000e9200000,0x00000000e9200000,0x00000000eb480000)
 ParOldGen       total 152064K, used 66056K [0x0000000080000000, 0x0000000089480000, 0x00000000d5580000)
  object space 152064K, 43% used [0x0000000080000000,0x0000000084082308,0x0000000089480000)
 Metaspace       used 92972K, capacity 97560K, committed 97688K, reserved 1134592K
  class space    used 12255K, capacity 13128K, committed 13224K, reserved 1048576K
GC Heap History (10 events):
Event: 65.139 GC heap before
{Heap before GC invocations=17 (full 3):
 PSYoungGen      total 238592K, used 238479K [0x00000000d5580000, 0x00000000e8700000, 0x0000000100000000)
  eden space 216064K, 99% used [0x00000000d5580000,0x00000000e286ab20,0x00000000e2880000)
  from space 22528K, 99% used [0x00000000e2880000,0x00000000e3e79240,0x00000000e3e80000)
  to   space 27136K, 0% used [0x00000000e6c80000,0x00000000e6c80000,0x00000000e8700000)
 ParOldGen       total 92672K, used 40916K [0x0000000080000000, 0x0000000085a80000, 0x00000000d5580000)
  object space 92672K, 44% used [0x0000000080000000,0x00000000827f50c8,0x0000000085a80000)
 Metaspace       used 67714K, capacity 71070K, committed 71320K, reserved 1110016K
  class space    used 9133K, capacity 9828K, committed 9896K, reserved 1048576K
Event: 65.337 GC heap after
Heap after GC invocations=17 (full 3):
 PSYoungGen      total 272896K, used 27132K [0x00000000d5580000, 0x00000000e9e00000, 0x0000000100000000)
  eden space 245760K, 0% used [0x00000000d5580000,0x00000000d5580000,0x00000000e4580000)
  from space 27136K, 99% used [0x00000000e6c80000,0x00000000e86ff300,0x00000000e8700000)
  to   space 39936K, 0% used [0x00000000e4580000,0x00000000e4580000,0x00000000e6c80000)
 ParOldGen       total 92672K, used 62768K [0x0000000080000000, 0x0000000085a80000, 0x00000000d5580000)
  object space 92672K, 67% used [0x0000000080000000,0x0000000083d4c2f0,0x0000000085a80000)
 Metaspace       used 67714K, capacity 71070K, committed 71320K, reserved 1110016K
  class space    used 9133K, capacity 9828K, committed 9896K, reserved 1048576K
}
Event: 89.096 GC heap before
{Heap before GC invocations=18 (full 3):
 PSYoungGen      total 272896K, used 272892K [0x00000000d5580000, 0x00000000e9e00000, 0x0000000100000000)
  eden space 245760K, 100% used [0x00000000d5580000,0x00000000e4580000,0x00000000e4580000)
  from space 27136K, 99% used [0x00000000e6c80000,0x00000000e86ff300,0x00000000e8700000)
  to   space 39936K, 0% used [0x00000000e4580000,0x00000000e4580000,0x00000000e6c80000)
 ParOldGen       total 92672K, used 62768K [0x0000000080000000, 0x0000000085a80000, 0x00000000d5580000)
  object space 92672K, 67% used [0x0000000080000000,0x0000000083d4c2f0,0x0000000085a80000)
 Metaspace       used 75396K, capacity 78954K, committed 79128K, reserved 1118208K
  class space    used 10051K, capacity 10774K, committed 10792K, reserved 1048576K
Event: 89.256 GC heap after
Heap after GC invocations=18 (full 3):
 PSYoungGen      total 285696K, used 15193K [0x00000000d5580000, 0x00000000eb700000, 0x0000000100000000)
  eden space 245760K, 0% used [0x00000000d5580000,0x00000000d5580000,0x00000000e4580000)
  from space 39936K, 38% used [0x00000000e4580000,0x00000000e5456610,0x00000000e6c80000)
  to   space 37888K, 0% used [0x00000000e9200000,0x00000000e9200000,0x00000000eb700000)
 ParOldGen       total 92672K, used 86180K [0x0000000080000000, 0x0000000085a80000, 0x00000000d5580000)
  object space 92672K, 92% used [0x0000000080000000,0x00000000854290f8,0x0000000085a80000)
 Metaspace       used 75396K, capacity 78954K, committed 79128K, reserved 1118208K
  class space    used 10051K, capacity 10774K, committed 10792K, reserved 1048576K
}
Event: 89.256 GC heap before
{Heap before GC invocations=19 (full 4):
 PSYoungGen      total 285696K, used 15193K [0x00000000d5580000, 0x00000000eb700000, 0x0000000100000000)
  eden space 245760K, 0% used [0x00000000d5580000,0x00000000d5580000,0x00000000e4580000)
  from space 39936K, 38% used [0x00000000e4580000,0x00000000e5456610,0x00000000e6c80000)
  to   space 37888K, 0% used [0x00000000e9200000,0x00000000e9200000,0x00000000eb700000)
 ParOldGen       total 92672K, used 86180K [0x0000000080000000, 0x0000000085a80000, 0x00000000d5580000)
  object space 92672K, 92% used [0x0000000080000000,0x00000000854290f8,0x0000000085a80000)
 Metaspace       used 75396K, capacity 78954K, committed 79128K, reserved 1118208K
  class space    used 10051K, capacity 10774K, committed 10792K, reserved 1048576K
Event: 89.832 GC heap after
Heap after GC invocations=19 (full 4):
 PSYoungGen      total 285696K, used 0K [0x00000000d5580000, 0x00000000eb700000, 0x0000000100000000)
  eden space 245760K, 0% used [0x00000000d5580000,0x00000000d5580000,0x00000000e4580000)
  from space 39936K, 0% used [0x00000000e4580000,0x00000000e4580000,0x00000000e6c80000)
  to   space 37888K, 0% used [0x00000000e9200000,0x00000000e9200000,0x00000000eb700000)
 ParOldGen       total 152064K, used 66040K [0x0000000080000000, 0x0000000089480000, 0x00000000d5580000)
  object space 152064K, 43% used [0x0000000080000000,0x000000008407e308,0x0000000089480000)
 Metaspace       used 75393K, capacity 78942K, committed 79128K, reserved 1118208K
  class space    used 10050K, capacity 10772K, committed 10792K, reserved 1048576K
}
Event: 99.700 GC heap before
{Heap before GC invocations=20 (full 4):
 PSYoungGen      total 285696K, used 245760K [0x00000000d5580000, 0x00000000eb700000, 0x0000000100000000)
  eden space 245760K, 100% used [0x00000000d5580000,0x00000000e4580000,0x00000000e4580000)
  from space 39936K, 0% used [0x00000000e4580000,0x00000000e4580000,0x00000000e6c80000)
  to   space 37888K, 0% used [0x00000000e9200000,0x00000000e9200000,0x00000000eb700000)
 ParOldGen       total 152064K, used 66040K [0x0000000080000000, 0x0000000089480000, 0x00000000d5580000)
  object space 152064K, 43% used [0x0000000080000000,0x000000008407e308,0x0000000089480000)
 Metaspace       used 81082K, capacity 84736K, committed 84888K, reserved 1122304K
  class space    used 10729K, capacity 11418K, committed 11432K, reserved 1048576K
Event: 99.783 GC heap after
Heap after GC invocations=20 (full 4):
 PSYoungGen      total 323072K, used 16167K [0x00000000d5580000, 0x00000000eb480000, 0x0000000100000000)
  eden space 287744K, 0% used [0x00000000d5580000,0x00000000d5580000,0x00000000e6e80000)
  from space 35328K, 45% used [0x00000000e9200000,0x00000000ea1c9c48,0x00000000eb480000)
  to   space 35840K, 0% used [0x00000000e6e80000,0x00000000e6e80000,0x00000000e9180000)
 ParOldGen       total 152064K, used 66048K [0x0000000080000000, 0x0000000089480000, 0x00000000d5580000)
  object space 152064K, 43% used [0x0000000080000000,0x0000000084080308,0x0000000089480000)
 Metaspace       used 81082K, capacity 84736K, committed 84888K, reserved 1122304K
  class space    used 10729K, capacity 11418K, committed 11432K, reserved 1048576K
}
Event: 115.877 GC heap before
{Heap before GC invocations=21 (full 4):
 PSYoungGen      total 323072K, used 303911K [0x00000000d5580000, 0x00000000eb480000, 0x0000000100000000)
  eden space 287744K, 100% used [0x00000000d5580000,0x00000000e6e80000,0x00000000e6e80000)
  from space 35328K, 45% used [0x00000000e9200000,0x00000000ea1c9c48,0x00000000eb480000)
  to   space 35840K, 0% used [0x00000000e6e80000,0x00000000e6e80000,0x00000000e9180000)
 ParOldGen       total 152064K, used 66048K [0x0000000080000000, 0x0000000089480000, 0x00000000d5580000)
  object space 152064K, 43% used [0x0000000080000000,0x0000000084080308,0x0000000089480000)
 Metaspace       used 92676K, capacity 97288K, committed 97432K, reserved 1134592K
  class space    used 12238K, capacity 13116K, committed 13224K, reserved 1048576K
Event: 115.950 GC heap after
Heap after GC invocations=21 (full 4):
 PSYoungGen      total 323584K, used 23515K [0x00000000d5580000, 0x00000000eb480000, 0x0000000100000000)
  eden space 287744K, 0% used [0x00000000d5580000,0x00000000d5580000,0x00000000e6e80000)
  from space 35840K, 65% used [0x00000000e6e80000,0x00000000e8576f88,0x00000000e9180000)
  to   space 35328K, 0% used [0x00000000e9200000,0x00000000e9200000,0x00000000eb480000)
 ParOldGen       total 152064K, used 66056K [0x0000000080000000, 0x0000000089480000, 0x00000000d5580000)
  object space 152064K, 43% used [0x0000000080000000,0x0000000084082308,0x0000000089480000)
 Metaspace       used 92676K, capacity 97288K, committed 97432K, reserved 1134592K
  class space    used 12238K, capacity 13116K, committed 13224K, reserved 1048576K
}

