# JRE version: OpenJDK Runtime Environment (8.0_242-b01) (build 1.8.0_242-release-1644-b01)
# Java VM: OpenJDK 64-Bit Server VM (25.242-b01 mixed mode windows-amd64 compressed oops)
Heap:
 PSYoungGen      total 193536K, used 94440K [0x00000000d5580000, 0x00000000e2080000, 0x0000000100000000)
  eden space 182272K, 51% used [0x00000000d5580000,0x00000000db1ba088,0x00000000e0780000)
  from space 11264K, 0% used [0x00000000e1580000,0x00000000e1580000,0x00000000e2080000)
  to   space 12800K, 0% used [0x00000000e0780000,0x00000000e0780000,0x00000000e1400000)
 ParOldGen       total 49152K, used 15475K [0x0000000080000000, 0x0000000083000000, 0x00000000d5580000)
  object space 49152K, 31% used [0x0000000080000000,0x0000000080f1cfe8,0x0000000083000000)
 Metaspace       used 38146K, capacity 39810K, committed 39936K, reserved 1083392K
  class space    used 5249K, capacity 5630K, committed 5632K, reserved 1048576K
GC Heap History (10 events):
Event: 13.552 GC heap before
{Heap before GC invocations=8 (full 0):
 PSYoungGen      total 71168K, used 11777K [0x00000000d5580000, 0x00000000de580000, 0x0000000100000000)
  eden space 64000K, 7% used [0x00000000d5580000,0x00000000d5a04ab0,0x00000000d9400000)
  from space 7168K, 99% used [0x00000000d9400000,0x00000000d9afbc58,0x00000000d9b00000)
  to   space 9728K, 0% used [0x00000000ddc00000,0x00000000ddc00000,0x00000000de580000)
 ParOldGen       total 44032K, used 7971K [0x0000000080000000, 0x0000000082b00000, 0x00000000d5580000)
  object space 44032K, 18% used [0x0000000080000000,0x00000000807c8ee8,0x0000000082b00000)
 Metaspace       used 20519K, capacity 21222K, committed 21296K, reserved 1067008K
  class space    used 2855K, capacity 3037K, committed 3072K, reserved 1048576K
Event: 13.597 GC heap after
Heap after GC invocations=8 (full 0):
 PSYoungGen      total 136704K, used 4085K [0x00000000d5580000, 0x00000000de480000, 0x0000000100000000)
  eden space 128000K, 0% used [0x00000000d5580000,0x00000000d5580000,0x00000000dd280000)
  from space 8704K, 46% used [0x00000000ddc00000,0x00000000ddffd4d8,0x00000000de480000)
  to   space 9216K, 0% used [0x00000000dd280000,0x00000000dd280000,0x00000000ddb80000)
 ParOldGen       total 44032K, used 8619K [0x0000000080000000, 0x0000000082b00000, 0x00000000d5580000)
  object space 44032K, 19% used [0x0000000080000000,0x000000008086aee8,0x0000000082b00000)
 Metaspace       used 20519K, capacity 21222K, committed 21296K, reserved 1067008K
  class space    used 2855K, capacity 3037K, committed 3072K, reserved 1048576K
}
Event: 13.598 GC heap before
{Heap before GC invocations=9 (full 1):
 PSYoungGen      total 136704K, used 4085K [0x00000000d5580000, 0x00000000de480000, 0x0000000100000000)
  eden space 128000K, 0% used [0x00000000d5580000,0x00000000d5580000,0x00000000dd280000)
  from space 8704K, 46% used [0x00000000ddc00000,0x00000000ddffd4d8,0x00000000de480000)
  to   space 9216K, 0% used [0x00000000dd280000,0x00000000dd280000,0x00000000ddb80000)
 ParOldGen       total 44032K, used 8619K [0x0000000080000000, 0x0000000082b00000, 0x00000000d5580000)
  object space 44032K, 19% used [0x0000000080000000,0x000000008086aee8,0x0000000082b00000)
 Metaspace       used 20519K, capacity 21222K, committed 21296K, reserved 1067008K
  class space    used 2855K, capacity 3037K, committed 3072K, reserved 1048576K
Event: 13.823 GC heap after
Heap after GC invocations=9 (full 1):
 PSYoungGen      total 136704K, used 0K [0x00000000d5580000, 0x00000000de480000, 0x0000000100000000)
  eden space 128000K, 0% used [0x00000000d5580000,0x00000000d5580000,0x00000000dd280000)
  from space 8704K, 0% used [0x00000000ddc00000,0x00000000ddc00000,0x00000000de480000)
  to   space 9216K, 0% used [0x00000000dd280000,0x00000000dd280000,0x00000000ddb80000)
 ParOldGen       total 32768K, used 8831K [0x0000000080000000, 0x0000000082000000, 0x00000000d5580000)
  object space 32768K, 26% used [0x0000000080000000,0x000000008089fd38,0x0000000082000000)
 Metaspace       used 20519K, capacity 21222K, committed 21296K, reserved 1067008K
  class space    used 2855K, capacity 3037K, committed 3072K, reserved 1048576K
}
Event: 19.604 GC heap before
{Heap before GC invocations=10 (full 1):
 PSYoungGen      total 136704K, used 128000K [0x00000000d5580000, 0x00000000de480000, 0x0000000100000000)
  eden space 128000K, 100% used [0x00000000d5580000,0x00000000dd280000,0x00000000dd280000)
  from space 8704K, 0% used [0x00000000ddc00000,0x00000000ddc00000,0x00000000de480000)
  to   space 9216K, 0% used [0x00000000dd280000,0x00000000dd280000,0x00000000ddb80000)
 ParOldGen       total 32768K, used 8831K [0x0000000080000000, 0x0000000082000000, 0x00000000d5580000)
  object space 32768K, 26% used [0x0000000080000000,0x000000008089fd38,0x0000000082000000)
 Metaspace       used 32357K, capacity 33478K, committed 33920K, reserved 1079296K
  class space    used 4351K, capacity 4626K, committed 4736K, reserved 1048576K
Event: 19.693 GC heap after
Heap after GC invocations=10 (full 1):
 PSYoungGen      total 137216K, used 9185K [0x00000000d5580000, 0x00000000e2180000, 0x0000000100000000)
  eden space 128000K, 0% used [0x00000000d5580000,0x00000000d5580000,0x00000000dd280000)
  from space 9216K, 99% used [0x00000000dd280000,0x00000000ddb785a0,0x00000000ddb80000)
  to   space 12288K, 0% used [0x00000000e1580000,0x00000000e1580000,0x00000000e2180000)
 ParOldGen       total 32768K, used 12588K [0x0000000080000000, 0x0000000082000000, 0x00000000d5580000)
  object space 32768K, 38% used [0x0000000080000000,0x0000000080c4b348,0x0000000082000000)
 Metaspace       used 32357K, capacity 33478K, committed 33920K, reserved 1079296K
  class space    used 4351K, capacity 4626K, committed 4736K, reserved 1048576K
}
Event: 21.389 GC heap before
{Heap before GC invocations=11 (full 1):
 PSYoungGen      total 137216K, used 54147K [0x00000000d5580000, 0x00000000e2180000, 0x0000000100000000)
  eden space 128000K, 35% used [0x00000000d5580000,0x00000000d8168750,0x00000000dd280000)
  from space 9216K, 99% used [0x00000000dd280000,0x00000000ddb785a0,0x00000000ddb80000)
  to   space 12288K, 0% used [0x00000000e1580000,0x00000000e1580000,0x00000000e2180000)
 ParOldGen       total 32768K, used 12588K [0x0000000080000000, 0x0000000082000000, 0x00000000d5580000)
  object space 32768K, 38% used [0x0000000080000000,0x0000000080c4b348,0x0000000082000000)
 Metaspace       used 34051K, capacity 35314K, committed 35456K, reserved 1079296K
  class space    used 4583K, capacity 4880K, committed 4992K, reserved 1048576K
Event: 21.432 GC heap after
Heap after GC invocations=11 (full 1):
 PSYoungGen      total 193536K, used 9100K [0x00000000d5580000, 0x00000000e2080000, 0x0000000100000000)
  eden space 182272K, 0% used [0x00000000d5580000,0x00000000d5580000,0x00000000e0780000)
  from space 11264K, 80% used [0x00000000e1580000,0x00000000e1e63250,0x00000000e2080000)
  to   space 12800K, 0% used [0x00000000e0780000,0x00000000e0780000,0x00000000e1400000)
 ParOldGen       total 32768K, used 12596K [0x0000000080000000, 0x0000000082000000, 0x00000000d5580000)
  object space 32768K, 38% used [0x0000000080000000,0x0000000080c4d348,0x0000000082000000)
 Metaspace       used 34051K, capacity 35314K, committed 35456K, reserved 1079296K
  class space    used 4583K, capacity 4880K, committed 4992K, reserved 1048576K
}
Event: 21.432 GC heap before
{Heap before GC invocations=12 (full 2):
 PSYoungGen      total 193536K, used 9100K [0x00000000d5580000, 0x00000000e2080000, 0x0000000100000000)
  eden space 182272K, 0% used [0x00000000d5580000,0x00000000d5580000,0x00000000e0780000)
  from space 11264K, 80% used [0x00000000e1580000,0x00000000e1e63250,0x00000000e2080000)
  to   space 12800K, 0% used [0x00000000e0780000,0x00000000e0780000,0x00000000e1400000)
 ParOldGen       total 32768K, used 12596K [0x0000000080000000, 0x0000000082000000, 0x00000000d5580000)
  object space 32768K, 38% used [0x0000000080000000,0x0000000080c4d348,0x0000000082000000)
 Metaspace       used 34051K, capacity 35314K, committed 35456K, reserved 1079296K
  class space    used 4583K, capacity 4880K, committed 4992K, reserved 1048576K
Event: 21.718 GC heap after
Heap after GC invocations=12 (full 2):
 PSYoungGen      total 193536K, used 0K [0x00000000d5580000, 0x00000000e2080000, 0x0000000100000000)
  eden space 182272K, 0% used [0x00000000d5580000,0x00000000d5580000,0x00000000e0780000)
  from space 11264K, 0% used [0x00000000e1580000,0x00000000e1580000,0x00000000e2080000)
  to   space 12800K, 0% used [0x00000000e0780000,0x00000000e0780000,0x00000000e1400000)
 ParOldGen       total 49152K, used 15475K [0x0000000080000000, 0x0000000083000000, 0x00000000d5580000)
  object space 49152K, 31% used [0x0000000080000000,0x0000000080f1cfe8,0x0000000083000000)
 Metaspace       used 34051K, capacity 35314K, committed 35456K, reserved 1079296K
  class space    used 4583K, capacity 4880K, committed 4992K, reserved 1048576K
}

